<?xml version="1.0" encoding="UTF-8"?>
<Site BuildName="Win32-mingw32-make"
	BuildStamp="20230218-0414-Experimental"
	Name="DESKTOP-B1Q4F2H"
	Generator="ctest-3.26.0-rc3"
	CompilerName="C:/Program Files/msys64/mingw64/bin/g++.exe"
	CompilerVersion="12.1.0"
	OSName="Windows"
	Hostname="DESKTOP-B1Q4F2H"
	OSRelease=" Personal"
	OSVersion=" (Build 19045)"
	OSPlatform="AMD64"
	Is64Bits="1"
	VendorString="GenuineIntel"
	VendorID="Intel Corporation"
	FamilyID="6"
	ModelID="5"
	ProcessorCacheSize="-1"
	NumberOfLogicalCPU="16"
	NumberOfPhysicalCPU="8"
	TotalVirtualMemory="22446"
	TotalPhysicalMemory="16046"
	LogicalProcessorsPerPhysical="2"
	ProcessorClockFrequency="2904"
	>
	<Testing>
		<StartDateTime>Feb 17 23:14 Eastern Standard Time</StartDateTime>
		<StartTestTime>1676693644</StartTestTime>
		<TestList/>
		<EndDateTime>Feb 17 23:14 Eastern Standard Time</EndDateTime>
		<EndTestTime>1676693644</EndTestTime>
		<ElapsedMinutes>0</ElapsedMinutes>
	</Testing>
</Site>
